[2025-04-12 22:02:17,577] HTTP Request: POST https://api.telegram.org/bot7742876494:AAGtJfLZ4K_i-lVpZXwLcKjYr_l7W1ZJn4M/getMe "HTTP/1.1 200 OK"
[2025-04-12 22:02:17,754] HTTP Request: POST https://api.telegram.org/bot7742876494:AAGtJfLZ4K_i-lVpZXwLcKjYr_l7W1ZJn4M/deleteWebhook "HTTP/1.1 200 OK"
[2025-04-12 22:02:17,755] Application started
[2025-04-12 22:02:21,638] HTTP Request: POST https://api.telegram.org/bot7742876494:AAGtJfLZ4K_i-lVpZXwLcKjYr_l7W1ZJn4M/getUpdates "HTTP/1.1 200 OK"
[2025-04-12 22:02:21,737] HTTP Request: POST https://api.telegram.org/bot7742876494:AAGtJfLZ4K_i-lVpZXwLcKjYr_l7W1ZJn4M/sendMessage "HTTP/1.1 200 OK"
[2025-04-12 22:02:31,769] HTTP Request: POST https://api.telegram.org/bot7742876494:AAGtJfLZ4K_i-lVpZXwLcKjYr_l7W1ZJn4M/getUpdates "HTTP/1.1 200 OK"
[2025-04-12 22:02:41,912] HTTP Request: POST https://api.telegram.org/bot7742876494:AAGtJfLZ4K_i-lVpZXwLcKjYr_l7W1ZJn4M/getUpdates "HTTP/1.1 200 OK"
[2025-04-12 22:02:52,045] HTTP Request: POST https://api.telegram.org/bot7742876494:AAGtJfLZ4K_i-lVpZXwLcKjYr_l7W1ZJn4M/getUpdates "HTTP/1.1 200 OK"
[2025-04-12 22:03:02,289] HTTP Request: POST https://api.telegram.org/bot7742876494:AAGtJfLZ4K_i-lVpZXwLcKjYr_l7W1ZJn4M/getUpdates "HTTP/1.1 200 OK"
[2025-04-12 22:03:12,357] HTTP Request: POST https://api.telegram.org/bot7742876494:AAGtJfLZ4K_i-lVpZXwLcKjYr_l7W1ZJn4M/getUpdates "HTTP/1.1 200 OK"
[2025-04-12 22:03:22,425] HTTP Request: POST https://api.telegram.org/bot7742876494:AAGtJfLZ4K_i-lVpZXwLcKjYr_l7W1ZJn4M/getUpdates "HTTP/1.1 200 OK"
[2025-04-12 22:03:32,495] HTTP Request: POST https://api.telegram.org/bot7742876494:AAGtJfLZ4K_i-lVpZXwLcKjYr_l7W1ZJn4M/getUpdates "HTTP/1.1 200 OK"
[2025-04-12 22:03:42,634] HTTP Request: POST https://api.telegram.org/bot7742876494:AAGtJfLZ4K_i-lVpZXwLcKjYr_l7W1ZJn4M/getUpdates "HTTP/1.1 200 OK"
[2025-04-12 22:03:52,767] HTTP Request: POST https://api.telegram.org/bot7742876494:AAGtJfLZ4K_i-lVpZXwLcKjYr_l7W1ZJn4M/getUpdates "HTTP/1.1 200 OK"
[2025-04-12 22:04:02,869] HTTP Request: POST https://api.telegram.org/bot7742876494:AAGtJfLZ4K_i-lVpZXwLcKjYr_l7W1ZJn4M/getUpdates "HTTP/1.1 200 OK"
[2025-04-12 22:04:13,252] HTTP Request: POST https://api.telegram.org/bot7742876494:AAGtJfLZ4K_i-lVpZXwLcKjYr_l7W1ZJn4M/getUpdates "HTTP/1.1 200 OK"
[2025-04-12 22:04:23,589] HTTP Request: POST https://api.telegram.org/bot7742876494:AAGtJfLZ4K_i-lVpZXwLcKjYr_l7W1ZJn4M/getUpdates "HTTP/1.1 200 OK"
[2025-04-12 22:04:33,828] HTTP Request: POST https://api.telegram.org/bot7742876494:AAGtJfLZ4K_i-lVpZXwLcKjYr_l7W1ZJn4M/getUpdates "HTTP/1.1 200 OK"
[2025-04-12 22:04:44,273] HTTP Request: POST https://api.telegram.org/bot7742876494:AAGtJfLZ4K_i-lVpZXwLcKjYr_l7W1ZJn4M/getUpdates "HTTP/1.1 200 OK"
[2025-04-12 22:04:54,356] HTTP Request: POST https://api.telegram.org/bot7742876494:AAGtJfLZ4K_i-lVpZXwLcKjYr_l7W1ZJn4M/getUpdates "HTTP/1.1 200 OK"
[2025-04-12 22:05:04,434] HTTP Request: POST https://api.telegram.org/bot7742876494:AAGtJfLZ4K_i-lVpZXwLcKjYr_l7W1ZJn4M/getUpdates "HTTP/1.1 200 OK"
[2025-04-12 22:05:14,642] HTTP Request: POST https://api.telegram.org/bot7742876494:AAGtJfLZ4K_i-lVpZXwLcKjYr_l7W1ZJn4M/getUpdates "HTTP/1.1 200 OK"
[2025-04-12 22:05:24,721] HTTP Request: POST https://api.telegram.org/bot7742876494:AAGtJfLZ4K_i-lVpZXwLcKjYr_l7W1ZJn4M/getUpdates "HTTP/1.1 200 OK"
[2025-04-12 22:05:34,857] HTTP Request: POST https://api.telegram.org/bot7742876494:AAGtJfLZ4K_i-lVpZXwLcKjYr_l7W1ZJn4M/getUpdates "HTTP/1.1 200 OK"
[2025-04-12 22:05:41,411] HTTP Request: POST https://api.telegram.org/bot7742876494:AAGtJfLZ4K_i-lVpZXwLcKjYr_l7W1ZJn4M/getUpdates "HTTP/1.1 200 OK"
[2025-04-12 22:05:41,412] Application is stopping. This might take a moment.
[2025-04-12 22:05:41,412] Application.stop() complete
[2025-04-12 22:05:43,655] HTTP Request: POST https://api.telegram.org/bot%D0%A2%D0%92%D0%9E%D0%99_%D0%A2%D0%9E%D0%9A%D0%95%D0%9D/getMe "HTTP/1.1 404 Not Found"
[2025-04-12 22:05:43,655] Network Retry Loop (Bootstrap Initialize Application): Invalid token. Aborting retry loop.
Traceback (most recent call last):
  File "/home/boar/projects/tgbot/venv/lib/python3.13/site-packages/telegram/_bot.py", line 835, in initialize
    await self.get_me()
  File "/home/boar/projects/tgbot/venv/lib/python3.13/site-packages/telegram/ext/_extbot.py", line 1969, in get_me
    return await super().get_me(
           ^^^^^^^^^^^^^^^^^^^^^
    ...<5 lines>...
    )
    ^
  File "/home/boar/projects/tgbot/venv/lib/python3.13/site-packages/telegram/_bot.py", line 967, in get_me
    result = await self._post(
             ^^^^^^^^^^^^^^^^^
    ...<6 lines>...
    )
    ^
  File "/home/boar/projects/tgbot/venv/lib/python3.13/site-packages/telegram/_bot.py", line 691, in _post
    return await self._do_post(
           ^^^^^^^^^^^^^^^^^^^^
    ...<6 lines>...
    )
    ^
  File "/home/boar/projects/tgbot/venv/lib/python3.13/site-packages/telegram/ext/_extbot.py", line 362, in _do_post
    return await super()._do_post(
           ^^^^^^^^^^^^^^^^^^^^^^^
    ...<6 lines>...
    )
    ^
  File "/home/boar/projects/tgbot/venv/lib/python3.13/site-packages/telegram/_bot.py", line 720, in _do_post
    result = await request.post(
             ^^^^^^^^^^^^^^^^^^^
    ...<6 lines>...
    )
    ^
  File "/home/boar/projects/tgbot/venv/lib/python3.13/site-packages/telegram/request/_baserequest.py", line 197, in post
    result = await self._request_wrapper(
             ^^^^^^^^^^^^^^^^^^^^^^^^^^^^
    ...<7 lines>...
    )
    ^
  File "/home/boar/projects/tgbot/venv/lib/python3.13/site-packages/telegram/request/_baserequest.py", line 351, in _request_wrapper
    raise InvalidToken(message)
telegram.error.InvalidToken: Not Found

The above exception was the direct cause of the following exception:

Traceback (most recent call last):
  File "/home/boar/projects/tgbot/venv/lib/python3.13/site-packages/telegram/ext/_utils/networkloop.py", line 115, in network_retry_loop
    if not await do_action():
           ^^^^^^^^^^^^^^^^^
  File "/home/boar/projects/tgbot/venv/lib/python3.13/site-packages/telegram/ext/_utils/networkloop.py", line 93, in do_action
    return await action_cb()
           ^^^^^^^^^^^^^^^^^
  File "/home/boar/projects/tgbot/venv/lib/python3.13/site-packages/telegram/ext/_application.py", line 486, in initialize
    await self.bot.initialize()
  File "/home/boar/projects/tgbot/venv/lib/python3.13/site-packages/telegram/ext/_extbot.py", line 308, in initialize
    await super().initialize()
  File "/home/boar/projects/tgbot/venv/lib/python3.13/site-packages/telegram/_bot.py", line 837, in initialize
    raise InvalidToken(f"The token `{self._token}` was rejected by the server.") from exc
telegram.error.InvalidToken: The token `ТВОЙ_ТОКЕН` was rejected by the server.
[2025-04-12 22:06:29,851] HTTP Request: POST https://api.telegram.org/bot7742876494:AAGtJfLZ4K_i-lVpZXwLcKjYr_l7W1ZJn4M/getMe "HTTP/1.1 200 OK"
[2025-04-12 22:06:29,917] HTTP Request: POST https://api.telegram.org/bot7742876494:AAGtJfLZ4K_i-lVpZXwLcKjYr_l7W1ZJn4M/deleteWebhook "HTTP/1.1 200 OK"
[2025-04-12 22:06:29,918] Application started
[2025-04-12 22:06:31,285] HTTP Request: POST https://api.telegram.org/bot7742876494:AAGtJfLZ4K_i-lVpZXwLcKjYr_l7W1ZJn4M/getUpdates "HTTP/1.1 200 OK"
[2025-04-12 22:06:31,552] HTTP Request: POST https://api.telegram.org/bot7742876494:AAGtJfLZ4K_i-lVpZXwLcKjYr_l7W1ZJn4M/sendMessage "HTTP/1.1 200 OK"
[2025-04-12 22:06:41,419] HTTP Request: POST https://api.telegram.org/bot7742876494:AAGtJfLZ4K_i-lVpZXwLcKjYr_l7W1ZJn4M/getUpdates "HTTP/1.1 200 OK"
[2025-04-12 22:06:51,603] HTTP Request: POST https://api.telegram.org/bot7742876494:AAGtJfLZ4K_i-lVpZXwLcKjYr_l7W1ZJn4M/getUpdates "HTTP/1.1 200 OK"
[2025-04-12 22:07:01,798] HTTP Request: POST https://api.telegram.org/bot7742876494:AAGtJfLZ4K_i-lVpZXwLcKjYr_l7W1ZJn4M/getUpdates "HTTP/1.1 200 OK"
[2025-04-12 22:07:11,884] HTTP Request: POST https://api.telegram.org/bot7742876494:AAGtJfLZ4K_i-lVpZXwLcKjYr_l7W1ZJn4M/getUpdates "HTTP/1.1 200 OK"
[2025-04-12 22:07:20,230] HTTP Request: POST https://api.telegram.org/bot7742876494:AAGtJfLZ4K_i-lVpZXwLcKjYr_l7W1ZJn4M/getUpdates "HTTP/1.1 200 OK"
[2025-04-12 22:07:20,230] 780074874 (@booarr): привет
[2025-04-12 22:07:30,465] HTTP Request: POST https://api.telegram.org/bot7742876494:AAGtJfLZ4K_i-lVpZXwLcKjYr_l7W1ZJn4M/getUpdates "HTTP/1.1 200 OK"
[2025-04-12 22:07:40,649] HTTP Request: POST https://api.telegram.org/bot7742876494:AAGtJfLZ4K_i-lVpZXwLcKjYr_l7W1ZJn4M/getUpdates "HTTP/1.1 200 OK"
[2025-04-12 22:07:50,949] HTTP Request: POST https://api.telegram.org/bot7742876494:AAGtJfLZ4K_i-lVpZXwLcKjYr_l7W1ZJn4M/getUpdates "HTTP/1.1 200 OK"
[2025-04-12 22:08:01,074] HTTP Request: POST https://api.telegram.org/bot7742876494:AAGtJfLZ4K_i-lVpZXwLcKjYr_l7W1ZJn4M/getUpdates "HTTP/1.1 200 OK"
[2025-04-12 22:08:11,267] HTTP Request: POST https://api.telegram.org/bot7742876494:AAGtJfLZ4K_i-lVpZXwLcKjYr_l7W1ZJn4M/getUpdates "HTTP/1.1 200 OK"
[2025-04-12 22:08:21,512] HTTP Request: POST https://api.telegram.org/bot7742876494:AAGtJfLZ4K_i-lVpZXwLcKjYr_l7W1ZJn4M/getUpdates "HTTP/1.1 200 OK"
[2025-04-12 22:08:31,598] HTTP Request: POST https://api.telegram.org/bot7742876494:AAGtJfLZ4K_i-lVpZXwLcKjYr_l7W1ZJn4M/getUpdates "HTTP/1.1 200 OK"
[2025-04-12 22:08:41,690] HTTP Request: POST https://api.telegram.org/bot7742876494:AAGtJfLZ4K_i-lVpZXwLcKjYr_l7W1ZJn4M/getUpdates "HTTP/1.1 200 OK"
[2025-04-12 22:08:51,798] HTTP Request: POST https://api.telegram.org/bot7742876494:AAGtJfLZ4K_i-lVpZXwLcKjYr_l7W1ZJn4M/getUpdates "HTTP/1.1 200 OK"
[2025-04-12 22:09:02,013] HTTP Request: POST https://api.telegram.org/bot7742876494:AAGtJfLZ4K_i-lVpZXwLcKjYr_l7W1ZJn4M/getUpdates "HTTP/1.1 200 OK"
[2025-04-12 22:09:12,146] HTTP Request: POST https://api.telegram.org/bot7742876494:AAGtJfLZ4K_i-lVpZXwLcKjYr_l7W1ZJn4M/getUpdates "HTTP/1.1 200 OK"
[2025-04-12 22:09:22,245] HTTP Request: POST https://api.telegram.org/bot7742876494:AAGtJfLZ4K_i-lVpZXwLcKjYr_l7W1ZJn4M/getUpdates "HTTP/1.1 200 OK"
[2025-04-12 22:09:32,335] HTTP Request: POST https://api.telegram.org/bot7742876494:AAGtJfLZ4K_i-lVpZXwLcKjYr_l7W1ZJn4M/getUpdates "HTTP/1.1 200 OK"
[2025-04-12 22:09:42,431] HTTP Request: POST https://api.telegram.org/bot7742876494:AAGtJfLZ4K_i-lVpZXwLcKjYr_l7W1ZJn4M/getUpdates "HTTP/1.1 200 OK"
[2025-04-12 22:09:52,563] HTTP Request: POST https://api.telegram.org/bot7742876494:AAGtJfLZ4K_i-lVpZXwLcKjYr_l7W1ZJn4M/getUpdates "HTTP/1.1 200 OK"
[2025-04-12 22:10:02,634] HTTP Request: POST https://api.telegram.org/bot7742876494:AAGtJfLZ4K_i-lVpZXwLcKjYr_l7W1ZJn4M/getUpdates "HTTP/1.1 200 OK"
[2025-04-12 22:10:11,719] HTTP Request: POST https://api.telegram.org/bot7742876494:AAGtJfLZ4K_i-lVpZXwLcKjYr_l7W1ZJn4M/getUpdates "HTTP/1.1 200 OK"
[2025-04-12 22:10:11,719] 780074874 (@booarr): fuck bitch
[2025-04-12 22:10:21,910] HTTP Request: POST https://api.telegram.org/bot7742876494:AAGtJfLZ4K_i-lVpZXwLcKjYr_l7W1ZJn4M/getUpdates "HTTP/1.1 200 OK"
[2025-04-12 22:10:32,010] HTTP Request: POST https://api.telegram.org/bot7742876494:AAGtJfLZ4K_i-lVpZXwLcKjYr_l7W1ZJn4M/getUpdates "HTTP/1.1 200 OK"
[2025-04-12 22:10:42,174] HTTP Request: POST https://api.telegram.org/bot7742876494:AAGtJfLZ4K_i-lVpZXwLcKjYr_l7W1ZJn4M/getUpdates "HTTP/1.1 200 OK"
[2025-04-12 22:10:52,276] HTTP Request: POST https://api.telegram.org/bot7742876494:AAGtJfLZ4K_i-lVpZXwLcKjYr_l7W1ZJn4M/getUpdates "HTTP/1.1 200 OK"
[2025-04-12 22:11:02,558] HTTP Request: POST https://api.telegram.org/bot7742876494:AAGtJfLZ4K_i-lVpZXwLcKjYr_l7W1ZJn4M/getUpdates "HTTP/1.1 200 OK"
[2025-04-12 22:11:12,707] HTTP Request: POST https://api.telegram.org/bot7742876494:AAGtJfLZ4K_i-lVpZXwLcKjYr_l7W1ZJn4M/getUpdates "HTTP/1.1 200 OK"
[2025-04-12 22:11:22,799] HTTP Request: POST https://api.telegram.org/bot7742876494:AAGtJfLZ4K_i-lVpZXwLcKjYr_l7W1ZJn4M/getUpdates "HTTP/1.1 200 OK"
[2025-04-12 22:11:32,871] HTTP Request: POST https://api.telegram.org/bot7742876494:AAGtJfLZ4K_i-lVpZXwLcKjYr_l7W1ZJn4M/getUpdates "HTTP/1.1 200 OK"
[2025-04-12 22:11:42,990] HTTP Request: POST https://api.telegram.org/bot7742876494:AAGtJfLZ4K_i-lVpZXwLcKjYr_l7W1ZJn4M/getUpdates "HTTP/1.1 200 OK"
[2025-04-12 22:11:53,250] HTTP Request: POST https://api.telegram.org/bot7742876494:AAGtJfLZ4K_i-lVpZXwLcKjYr_l7W1ZJn4M/getUpdates "HTTP/1.1 200 OK"
[2025-04-12 22:12:03,337] HTTP Request: POST https://api.telegram.org/bot7742876494:AAGtJfLZ4K_i-lVpZXwLcKjYr_l7W1ZJn4M/getUpdates "HTTP/1.1 200 OK"
[2025-04-12 22:12:13,411] HTTP Request: POST https://api.telegram.org/bot7742876494:AAGtJfLZ4K_i-lVpZXwLcKjYr_l7W1ZJn4M/getUpdates "HTTP/1.1 200 OK"
[2025-04-12 22:12:23,628] HTTP Request: POST https://api.telegram.org/bot7742876494:AAGtJfLZ4K_i-lVpZXwLcKjYr_l7W1ZJn4M/getUpdates "HTTP/1.1 200 OK"
[2025-04-12 22:12:33,705] HTTP Request: POST https://api.telegram.org/bot7742876494:AAGtJfLZ4K_i-lVpZXwLcKjYr_l7W1ZJn4M/getUpdates "HTTP/1.1 200 OK"
[2025-04-12 22:12:43,839] HTTP Request: POST https://api.telegram.org/bot7742876494:AAGtJfLZ4K_i-lVpZXwLcKjYr_l7W1ZJn4M/getUpdates "HTTP/1.1 200 OK"
[2025-04-12 22:12:44,067] HTTP Request: POST https://api.telegram.org/bot7742876494:AAGtJfLZ4K_i-lVpZXwLcKjYr_l7W1ZJn4M/getUpdates "HTTP/1.1 200 OK"
[2025-04-12 22:12:44,740] HTTP Request: POST https://api.telegram.org/bot7742876494:AAGtJfLZ4K_i-lVpZXwLcKjYr_l7W1ZJn4M/sendMessage "HTTP/1.1 200 OK"
[2025-04-12 22:12:54,168] HTTP Request: POST https://api.telegram.org/bot7742876494:AAGtJfLZ4K_i-lVpZXwLcKjYr_l7W1ZJn4M/getUpdates "HTTP/1.1 200 OK"
[2025-04-12 22:13:02,531] HTTP Request: POST https://api.telegram.org/bot7742876494:AAGtJfLZ4K_i-lVpZXwLcKjYr_l7W1ZJn4M/getUpdates "HTTP/1.1 200 OK"
[2025-04-12 22:13:02,532] 2090415698 (@Ivanichstasin): кабан пидор
[2025-04-12 22:13:04,643] HTTP Request: POST https://api.telegram.org/bot7742876494:AAGtJfLZ4K_i-lVpZXwLcKjYr_l7W1ZJn4M/getUpdates "HTTP/1.1 200 OK"
[2025-04-12 22:13:04,644] 2090415698 (@Ivanichstasin): и сосал
[2025-04-12 22:13:14,724] HTTP Request: POST https://api.telegram.org/bot7742876494:AAGtJfLZ4K_i-lVpZXwLcKjYr_l7W1ZJn4M/getUpdates "HTTP/1.1 200 OK"
[2025-04-12 22:13:24,843] HTTP Request: POST https://api.telegram.org/bot7742876494:AAGtJfLZ4K_i-lVpZXwLcKjYr_l7W1ZJn4M/getUpdates "HTTP/1.1 200 OK"
[2025-04-12 22:13:34,993] HTTP Request: POST https://api.telegram.org/bot7742876494:AAGtJfLZ4K_i-lVpZXwLcKjYr_l7W1ZJn4M/getUpdates "HTTP/1.1 200 OK"
[2025-04-12 22:13:45,112] HTTP Request: POST https://api.telegram.org/bot7742876494:AAGtJfLZ4K_i-lVpZXwLcKjYr_l7W1ZJn4M/getUpdates "HTTP/1.1 200 OK"
[2025-04-12 22:13:55,236] HTTP Request: POST https://api.telegram.org/bot7742876494:AAGtJfLZ4K_i-lVpZXwLcKjYr_l7W1ZJn4M/getUpdates "HTTP/1.1 200 OK"
[2025-04-12 22:14:05,347] HTTP Request: POST https://api.telegram.org/bot7742876494:AAGtJfLZ4K_i-lVpZXwLcKjYr_l7W1ZJn4M/getUpdates "HTTP/1.1 200 OK"
[2025-04-12 22:14:15,511] HTTP Request: POST https://api.telegram.org/bot7742876494:AAGtJfLZ4K_i-lVpZXwLcKjYr_l7W1ZJn4M/getUpdates "HTTP/1.1 200 OK"
[2025-04-12 22:14:25,601] HTTP Request: POST https://api.telegram.org/bot7742876494:AAGtJfLZ4K_i-lVpZXwLcKjYr_l7W1ZJn4M/getUpdates "HTTP/1.1 200 OK"
[2025-04-12 22:14:35,672] HTTP Request: POST https://api.telegram.org/bot7742876494:AAGtJfLZ4K_i-lVpZXwLcKjYr_l7W1ZJn4M/getUpdates "HTTP/1.1 200 OK"
[2025-04-12 22:14:45,776] HTTP Request: POST https://api.telegram.org/bot7742876494:AAGtJfLZ4K_i-lVpZXwLcKjYr_l7W1ZJn4M/getUpdates "HTTP/1.1 200 OK"
[2025-04-12 22:14:55,853] HTTP Request: POST https://api.telegram.org/bot7742876494:AAGtJfLZ4K_i-lVpZXwLcKjYr_l7W1ZJn4M/getUpdates "HTTP/1.1 200 OK"
[2025-04-12 22:15:05,993] HTTP Request: POST https://api.telegram.org/bot7742876494:AAGtJfLZ4K_i-lVpZXwLcKjYr_l7W1ZJn4M/getUpdates "HTTP/1.1 200 OK"
[2025-04-12 22:15:16,157] HTTP Request: POST https://api.telegram.org/bot7742876494:AAGtJfLZ4K_i-lVpZXwLcKjYr_l7W1ZJn4M/getUpdates "HTTP/1.1 200 OK"
[2025-04-12 22:15:26,229] HTTP Request: POST https://api.telegram.org/bot7742876494:AAGtJfLZ4K_i-lVpZXwLcKjYr_l7W1ZJn4M/getUpdates "HTTP/1.1 200 OK"
[2025-04-12 22:15:36,330] HTTP Request: POST https://api.telegram.org/bot7742876494:AAGtJfLZ4K_i-lVpZXwLcKjYr_l7W1ZJn4M/getUpdates "HTTP/1.1 200 OK"
[2025-04-12 22:15:46,457] HTTP Request: POST https://api.telegram.org/bot7742876494:AAGtJfLZ4K_i-lVpZXwLcKjYr_l7W1ZJn4M/getUpdates "HTTP/1.1 200 OK"
[2025-04-12 22:15:56,550] HTTP Request: POST https://api.telegram.org/bot7742876494:AAGtJfLZ4K_i-lVpZXwLcKjYr_l7W1ZJn4M/getUpdates "HTTP/1.1 200 OK"
[2025-04-12 22:16:06,636] HTTP Request: POST https://api.telegram.org/bot7742876494:AAGtJfLZ4K_i-lVpZXwLcKjYr_l7W1ZJn4M/getUpdates "HTTP/1.1 200 OK"
[2025-04-12 22:16:16,736] HTTP Request: POST https://api.telegram.org/bot7742876494:AAGtJfLZ4K_i-lVpZXwLcKjYr_l7W1ZJn4M/getUpdates "HTTP/1.1 200 OK"
[2025-04-12 22:16:26,866] HTTP Request: POST https://api.telegram.org/bot7742876494:AAGtJfLZ4K_i-lVpZXwLcKjYr_l7W1ZJn4M/getUpdates "HTTP/1.1 200 OK"
[2025-04-12 22:16:36,976] HTTP Request: POST https://api.telegram.org/bot7742876494:AAGtJfLZ4K_i-lVpZXwLcKjYr_l7W1ZJn4M/getUpdates "HTTP/1.1 200 OK"
[2025-04-12 22:16:47,102] HTTP Request: POST https://api.telegram.org/bot7742876494:AAGtJfLZ4K_i-lVpZXwLcKjYr_l7W1ZJn4M/getUpdates "HTTP/1.1 200 OK"
[2025-04-12 22:16:57,173] HTTP Request: POST https://api.telegram.org/bot7742876494:AAGtJfLZ4K_i-lVpZXwLcKjYr_l7W1ZJn4M/getUpdates "HTTP/1.1 200 OK"
[2025-04-12 22:17:07,240] HTTP Request: POST https://api.telegram.org/bot7742876494:AAGtJfLZ4K_i-lVpZXwLcKjYr_l7W1ZJn4M/getUpdates "HTTP/1.1 200 OK"
[2025-04-12 22:17:17,470] HTTP Request: POST https://api.telegram.org/bot7742876494:AAGtJfLZ4K_i-lVpZXwLcKjYr_l7W1ZJn4M/getUpdates "HTTP/1.1 200 OK"
[2025-04-12 22:17:27,554] HTTP Request: POST https://api.telegram.org/bot7742876494:AAGtJfLZ4K_i-lVpZXwLcKjYr_l7W1ZJn4M/getUpdates "HTTP/1.1 200 OK"
[2025-04-12 22:17:37,627] HTTP Request: POST https://api.telegram.org/bot7742876494:AAGtJfLZ4K_i-lVpZXwLcKjYr_l7W1ZJn4M/getUpdates "HTTP/1.1 200 OK"
[2025-04-12 22:17:47,721] HTTP Request: POST https://api.telegram.org/bot7742876494:AAGtJfLZ4K_i-lVpZXwLcKjYr_l7W1ZJn4M/getUpdates "HTTP/1.1 200 OK"
[2025-04-12 22:17:57,875] HTTP Request: POST https://api.telegram.org/bot7742876494:AAGtJfLZ4K_i-lVpZXwLcKjYr_l7W1ZJn4M/getUpdates "HTTP/1.1 200 OK"
[2025-04-12 22:18:07,969] HTTP Request: POST https://api.telegram.org/bot7742876494:AAGtJfLZ4K_i-lVpZXwLcKjYr_l7W1ZJn4M/getUpdates "HTTP/1.1 200 OK"
[2025-04-12 22:18:18,131] HTTP Request: POST https://api.telegram.org/bot7742876494:AAGtJfLZ4K_i-lVpZXwLcKjYr_l7W1ZJn4M/getUpdates "HTTP/1.1 200 OK"
[2025-04-12 22:18:28,243] HTTP Request: POST https://api.telegram.org/bot7742876494:AAGtJfLZ4K_i-lVpZXwLcKjYr_l7W1ZJn4M/getUpdates "HTTP/1.1 200 OK"
[2025-04-12 22:18:38,359] HTTP Request: POST https://api.telegram.org/bot7742876494:AAGtJfLZ4K_i-lVpZXwLcKjYr_l7W1ZJn4M/getUpdates "HTTP/1.1 200 OK"
[2025-04-12 22:18:48,438] HTTP Request: POST https://api.telegram.org/bot7742876494:AAGtJfLZ4K_i-lVpZXwLcKjYr_l7W1ZJn4M/getUpdates "HTTP/1.1 200 OK"
[2025-04-12 22:18:58,508] HTTP Request: POST https://api.telegram.org/bot7742876494:AAGtJfLZ4K_i-lVpZXwLcKjYr_l7W1ZJn4M/getUpdates "HTTP/1.1 200 OK"
[2025-04-12 22:19:08,576] HTTP Request: POST https://api.telegram.org/bot7742876494:AAGtJfLZ4K_i-lVpZXwLcKjYr_l7W1ZJn4M/getUpdates "HTTP/1.1 200 OK"
[2025-04-12 22:19:18,646] HTTP Request: POST https://api.telegram.org/bot7742876494:AAGtJfLZ4K_i-lVpZXwLcKjYr_l7W1ZJn4M/getUpdates "HTTP/1.1 200 OK"
[2025-04-12 22:19:28,727] HTTP Request: POST https://api.telegram.org/bot7742876494:AAGtJfLZ4K_i-lVpZXwLcKjYr_l7W1ZJn4M/getUpdates "HTTP/1.1 200 OK"
[2025-04-12 22:19:38,798] HTTP Request: POST https://api.telegram.org/bot7742876494:AAGtJfLZ4K_i-lVpZXwLcKjYr_l7W1ZJn4M/getUpdates "HTTP/1.1 200 OK"
[2025-04-12 22:19:48,979] HTTP Request: POST https://api.telegram.org/bot7742876494:AAGtJfLZ4K_i-lVpZXwLcKjYr_l7W1ZJn4M/getUpdates "HTTP/1.1 200 OK"
[2025-04-12 22:19:59,044] HTTP Request: POST https://api.telegram.org/bot7742876494:AAGtJfLZ4K_i-lVpZXwLcKjYr_l7W1ZJn4M/getUpdates "HTTP/1.1 200 OK"
[2025-04-12 22:20:09,178] HTTP Request: POST https://api.telegram.org/bot7742876494:AAGtJfLZ4K_i-lVpZXwLcKjYr_l7W1ZJn4M/getUpdates "HTTP/1.1 200 OK"
[2025-04-12 22:20:19,297] HTTP Request: POST https://api.telegram.org/bot7742876494:AAGtJfLZ4K_i-lVpZXwLcKjYr_l7W1ZJn4M/getUpdates "HTTP/1.1 200 OK"
[2025-04-12 22:20:29,419] HTTP Request: POST https://api.telegram.org/bot7742876494:AAGtJfLZ4K_i-lVpZXwLcKjYr_l7W1ZJn4M/getUpdates "HTTP/1.1 200 OK"
[2025-04-12 22:20:39,578] HTTP Request: POST https://api.telegram.org/bot7742876494:AAGtJfLZ4K_i-lVpZXwLcKjYr_l7W1ZJn4M/getUpdates "HTTP/1.1 200 OK"
[2025-04-12 22:20:49,690] HTTP Request: POST https://api.telegram.org/bot7742876494:AAGtJfLZ4K_i-lVpZXwLcKjYr_l7W1ZJn4M/getUpdates "HTTP/1.1 200 OK"
[2025-04-12 22:20:59,821] HTTP Request: POST https://api.telegram.org/bot7742876494:AAGtJfLZ4K_i-lVpZXwLcKjYr_l7W1ZJn4M/getUpdates "HTTP/1.1 200 OK"
[2025-04-12 22:21:09,891] HTTP Request: POST https://api.telegram.org/bot7742876494:AAGtJfLZ4K_i-lVpZXwLcKjYr_l7W1ZJn4M/getUpdates "HTTP/1.1 200 OK"
[2025-04-12 22:21:19,970] HTTP Request: POST https://api.telegram.org/bot7742876494:AAGtJfLZ4K_i-lVpZXwLcKjYr_l7W1ZJn4M/getUpdates "HTTP/1.1 200 OK"
[2025-04-12 22:21:30,086] HTTP Request: POST https://api.telegram.org/bot7742876494:AAGtJfLZ4K_i-lVpZXwLcKjYr_l7W1ZJn4M/getUpdates "HTTP/1.1 200 OK"
[2025-04-12 22:21:40,177] HTTP Request: POST https://api.telegram.org/bot7742876494:AAGtJfLZ4K_i-lVpZXwLcKjYr_l7W1ZJn4M/getUpdates "HTTP/1.1 200 OK"
[2025-04-12 22:21:50,253] HTTP Request: POST https://api.telegram.org/bot7742876494:AAGtJfLZ4K_i-lVpZXwLcKjYr_l7W1ZJn4M/getUpdates "HTTP/1.1 200 OK"
[2025-04-12 22:22:00,365] HTTP Request: POST https://api.telegram.org/bot7742876494:AAGtJfLZ4K_i-lVpZXwLcKjYr_l7W1ZJn4M/getUpdates "HTTP/1.1 200 OK"
[2025-04-12 22:22:10,472] HTTP Request: POST https://api.telegram.org/bot7742876494:AAGtJfLZ4K_i-lVpZXwLcKjYr_l7W1ZJn4M/getUpdates "HTTP/1.1 200 OK"
[2025-04-12 22:22:20,563] HTTP Request: POST https://api.telegram.org/bot7742876494:AAGtJfLZ4K_i-lVpZXwLcKjYr_l7W1ZJn4M/getUpdates "HTTP/1.1 200 OK"
[2025-04-12 22:22:30,753] HTTP Request: POST https://api.telegram.org/bot7742876494:AAGtJfLZ4K_i-lVpZXwLcKjYr_l7W1ZJn4M/getUpdates "HTTP/1.1 200 OK"
[2025-04-12 22:22:40,841] HTTP Request: POST https://api.telegram.org/bot7742876494:AAGtJfLZ4K_i-lVpZXwLcKjYr_l7W1ZJn4M/getUpdates "HTTP/1.1 200 OK"
[2025-04-12 22:22:50,965] HTTP Request: POST https://api.telegram.org/bot7742876494:AAGtJfLZ4K_i-lVpZXwLcKjYr_l7W1ZJn4M/getUpdates "HTTP/1.1 200 OK"
[2025-04-12 22:23:01,592] HTTP Request: POST https://api.telegram.org/bot7742876494:AAGtJfLZ4K_i-lVpZXwLcKjYr_l7W1ZJn4M/getUpdates "HTTP/1.1 200 OK"
[2025-04-12 22:23:11,663] HTTP Request: POST https://api.telegram.org/bot7742876494:AAGtJfLZ4K_i-lVpZXwLcKjYr_l7W1ZJn4M/getUpdates "HTTP/1.1 200 OK"
[2025-04-12 22:23:21,724] HTTP Request: POST https://api.telegram.org/bot7742876494:AAGtJfLZ4K_i-lVpZXwLcKjYr_l7W1ZJn4M/getUpdates "HTTP/1.1 200 OK"
[2025-04-12 22:23:31,791] HTTP Request: POST https://api.telegram.org/bot7742876494:AAGtJfLZ4K_i-lVpZXwLcKjYr_l7W1ZJn4M/getUpdates "HTTP/1.1 200 OK"
[2025-04-12 22:23:41,862] HTTP Request: POST https://api.telegram.org/bot7742876494:AAGtJfLZ4K_i-lVpZXwLcKjYr_l7W1ZJn4M/getUpdates "HTTP/1.1 200 OK"
[2025-04-12 22:23:51,933] HTTP Request: POST https://api.telegram.org/bot7742876494:AAGtJfLZ4K_i-lVpZXwLcKjYr_l7W1ZJn4M/getUpdates "HTTP/1.1 200 OK"
[2025-04-12 22:24:02,005] HTTP Request: POST https://api.telegram.org/bot7742876494:AAGtJfLZ4K_i-lVpZXwLcKjYr_l7W1ZJn4M/getUpdates "HTTP/1.1 200 OK"
[2025-04-12 22:24:12,105] HTTP Request: POST https://api.telegram.org/bot7742876494:AAGtJfLZ4K_i-lVpZXwLcKjYr_l7W1ZJn4M/getUpdates "HTTP/1.1 200 OK"
[2025-04-12 22:24:22,169] HTTP Request: POST https://api.telegram.org/bot7742876494:AAGtJfLZ4K_i-lVpZXwLcKjYr_l7W1ZJn4M/getUpdates "HTTP/1.1 200 OK"
[2025-04-12 22:24:32,254] HTTP Request: POST https://api.telegram.org/bot7742876494:AAGtJfLZ4K_i-lVpZXwLcKjYr_l7W1ZJn4M/getUpdates "HTTP/1.1 200 OK"
[2025-04-12 22:24:42,341] HTTP Request: POST https://api.telegram.org/bot7742876494:AAGtJfLZ4K_i-lVpZXwLcKjYr_l7W1ZJn4M/getUpdates "HTTP/1.1 200 OK"
[2025-04-12 22:24:52,444] HTTP Request: POST https://api.telegram.org/bot7742876494:AAGtJfLZ4K_i-lVpZXwLcKjYr_l7W1ZJn4M/getUpdates "HTTP/1.1 200 OK"
[2025-04-12 22:25:02,517] HTTP Request: POST https://api.telegram.org/bot7742876494:AAGtJfLZ4K_i-lVpZXwLcKjYr_l7W1ZJn4M/getUpdates "HTTP/1.1 200 OK"
[2025-04-12 22:25:12,581] HTTP Request: POST https://api.telegram.org/bot7742876494:AAGtJfLZ4K_i-lVpZXwLcKjYr_l7W1ZJn4M/getUpdates "HTTP/1.1 200 OK"
[2025-04-12 22:25:22,655] HTTP Request: POST https://api.telegram.org/bot7742876494:AAGtJfLZ4K_i-lVpZXwLcKjYr_l7W1ZJn4M/getUpdates "HTTP/1.1 200 OK"
[2025-04-12 22:25:32,724] HTTP Request: POST https://api.telegram.org/bot7742876494:AAGtJfLZ4K_i-lVpZXwLcKjYr_l7W1ZJn4M/getUpdates "HTTP/1.1 200 OK"
[2025-04-12 22:25:42,801] HTTP Request: POST https://api.telegram.org/bot7742876494:AAGtJfLZ4K_i-lVpZXwLcKjYr_l7W1ZJn4M/getUpdates "HTTP/1.1 200 OK"
[2025-04-12 22:25:52,878] HTTP Request: POST https://api.telegram.org/bot7742876494:AAGtJfLZ4K_i-lVpZXwLcKjYr_l7W1ZJn4M/getUpdates "HTTP/1.1 200 OK"
[2025-04-12 22:26:02,944] HTTP Request: POST https://api.telegram.org/bot7742876494:AAGtJfLZ4K_i-lVpZXwLcKjYr_l7W1ZJn4M/getUpdates "HTTP/1.1 200 OK"
[2025-04-12 22:26:13,016] HTTP Request: POST https://api.telegram.org/bot7742876494:AAGtJfLZ4K_i-lVpZXwLcKjYr_l7W1ZJn4M/getUpdates "HTTP/1.1 200 OK"
[2025-04-12 22:26:23,083] HTTP Request: POST https://api.telegram.org/bot7742876494:AAGtJfLZ4K_i-lVpZXwLcKjYr_l7W1ZJn4M/getUpdates "HTTP/1.1 200 OK"
[2025-04-12 22:26:33,570] HTTP Request: POST https://api.telegram.org/bot7742876494:AAGtJfLZ4K_i-lVpZXwLcKjYr_l7W1ZJn4M/getUpdates "HTTP/1.1 200 OK"
[2025-04-12 22:26:44,195] HTTP Request: POST https://api.telegram.org/bot7742876494:AAGtJfLZ4K_i-lVpZXwLcKjYr_l7W1ZJn4M/getUpdates "HTTP/1.1 200 OK"
[2025-04-12 22:26:54,257] HTTP Request: POST https://api.telegram.org/bot7742876494:AAGtJfLZ4K_i-lVpZXwLcKjYr_l7W1ZJn4M/getUpdates "HTTP/1.1 200 OK"
[2025-04-12 22:27:05,609] HTTP Request: POST https://api.telegram.org/bot7742876494:AAGtJfLZ4K_i-lVpZXwLcKjYr_l7W1ZJn4M/getUpdates "HTTP/1.1 200 OK"
[2025-04-12 22:27:17,817] HTTP Request: POST https://api.telegram.org/bot7742876494:AAGtJfLZ4K_i-lVpZXwLcKjYr_l7W1ZJn4M/getUpdates "HTTP/1.1 200 OK"
[2025-04-12 22:27:28,098] HTTP Request: POST https://api.telegram.org/bot7742876494:AAGtJfLZ4K_i-lVpZXwLcKjYr_l7W1ZJn4M/getUpdates "HTTP/1.1 200 OK"
[2025-04-12 22:27:38,458] HTTP Request: POST https://api.telegram.org/bot7742876494:AAGtJfLZ4K_i-lVpZXwLcKjYr_l7W1ZJn4M/getUpdates "HTTP/1.1 200 OK"
[2025-04-12 22:27:48,535] HTTP Request: POST https://api.telegram.org/bot7742876494:AAGtJfLZ4K_i-lVpZXwLcKjYr_l7W1ZJn4M/getUpdates "HTTP/1.1 200 OK"
[2025-04-12 22:27:58,605] HTTP Request: POST https://api.telegram.org/bot7742876494:AAGtJfLZ4K_i-lVpZXwLcKjYr_l7W1ZJn4M/getUpdates "HTTP/1.1 200 OK"
[2025-04-12 22:28:08,675] HTTP Request: POST https://api.telegram.org/bot7742876494:AAGtJfLZ4K_i-lVpZXwLcKjYr_l7W1ZJn4M/getUpdates "HTTP/1.1 200 OK"
[2025-04-12 22:28:18,750] HTTP Request: POST https://api.telegram.org/bot7742876494:AAGtJfLZ4K_i-lVpZXwLcKjYr_l7W1ZJn4M/getUpdates "HTTP/1.1 200 OK"
[2025-04-12 22:28:28,814] HTTP Request: POST https://api.telegram.org/bot7742876494:AAGtJfLZ4K_i-lVpZXwLcKjYr_l7W1ZJn4M/getUpdates "HTTP/1.1 200 OK"
[2025-04-12 22:28:38,878] HTTP Request: POST https://api.telegram.org/bot7742876494:AAGtJfLZ4K_i-lVpZXwLcKjYr_l7W1ZJn4M/getUpdates "HTTP/1.1 200 OK"
[2025-04-12 22:28:49,359] HTTP Request: POST https://api.telegram.org/bot7742876494:AAGtJfLZ4K_i-lVpZXwLcKjYr_l7W1ZJn4M/getUpdates "HTTP/1.1 200 OK"
[2025-04-12 22:28:59,428] HTTP Request: POST https://api.telegram.org/bot7742876494:AAGtJfLZ4K_i-lVpZXwLcKjYr_l7W1ZJn4M/getUpdates "HTTP/1.1 200 OK"
[2025-04-12 22:29:09,493] HTTP Request: POST https://api.telegram.org/bot7742876494:AAGtJfLZ4K_i-lVpZXwLcKjYr_l7W1ZJn4M/getUpdates "HTTP/1.1 200 OK"
[2025-04-12 22:29:19,563] HTTP Request: POST https://api.telegram.org/bot7742876494:AAGtJfLZ4K_i-lVpZXwLcKjYr_l7W1ZJn4M/getUpdates "HTTP/1.1 200 OK"
[2025-04-12 22:29:30,907] HTTP Request: POST https://api.telegram.org/bot7742876494:AAGtJfLZ4K_i-lVpZXwLcKjYr_l7W1ZJn4M/getUpdates "HTTP/1.1 200 OK"
[2025-04-12 22:29:40,977] HTTP Request: POST https://api.telegram.org/bot7742876494:AAGtJfLZ4K_i-lVpZXwLcKjYr_l7W1ZJn4M/getUpdates "HTTP/1.1 200 OK"
[2025-04-12 22:30:16,585] HTTP Request: POST https://api.telegram.org/bot7742876494:AAGtJfLZ4K_i-lVpZXwLcKjYr_l7W1ZJn4M/getUpdates "HTTP/1.1 200 OK"
[2025-04-12 22:30:26,652] HTTP Request: POST https://api.telegram.org/bot7742876494:AAGtJfLZ4K_i-lVpZXwLcKjYr_l7W1ZJn4M/getUpdates "HTTP/1.1 200 OK"
[2025-04-12 22:30:36,727] HTTP Request: POST https://api.telegram.org/bot7742876494:AAGtJfLZ4K_i-lVpZXwLcKjYr_l7W1ZJn4M/getUpdates "HTTP/1.1 200 OK"
[2025-04-12 22:30:46,792] HTTP Request: POST https://api.telegram.org/bot7742876494:AAGtJfLZ4K_i-lVpZXwLcKjYr_l7W1ZJn4M/getUpdates "HTTP/1.1 200 OK"
[2025-04-12 22:30:56,864] HTTP Request: POST https://api.telegram.org/bot7742876494:AAGtJfLZ4K_i-lVpZXwLcKjYr_l7W1ZJn4M/getUpdates "HTTP/1.1 200 OK"
[2025-04-12 22:31:06,935] HTTP Request: POST https://api.telegram.org/bot7742876494:AAGtJfLZ4K_i-lVpZXwLcKjYr_l7W1ZJn4M/getUpdates "HTTP/1.1 200 OK"
[2025-04-12 22:31:17,013] HTTP Request: POST https://api.telegram.org/bot7742876494:AAGtJfLZ4K_i-lVpZXwLcKjYr_l7W1ZJn4M/getUpdates "HTTP/1.1 200 OK"
[2025-04-12 22:31:27,094] HTTP Request: POST https://api.telegram.org/bot7742876494:AAGtJfLZ4K_i-lVpZXwLcKjYr_l7W1ZJn4M/getUpdates "HTTP/1.1 200 OK"
[2025-04-12 22:31:37,163] HTTP Request: POST https://api.telegram.org/bot7742876494:AAGtJfLZ4K_i-lVpZXwLcKjYr_l7W1ZJn4M/getUpdates "HTTP/1.1 200 OK"
[2025-04-12 22:31:47,233] HTTP Request: POST https://api.telegram.org/bot7742876494:AAGtJfLZ4K_i-lVpZXwLcKjYr_l7W1ZJn4M/getUpdates "HTTP/1.1 200 OK"
[2025-04-12 22:31:57,299] HTTP Request: POST https://api.telegram.org/bot7742876494:AAGtJfLZ4K_i-lVpZXwLcKjYr_l7W1ZJn4M/getUpdates "HTTP/1.1 200 OK"
[2025-04-12 22:32:07,365] HTTP Request: POST https://api.telegram.org/bot7742876494:AAGtJfLZ4K_i-lVpZXwLcKjYr_l7W1ZJn4M/getUpdates "HTTP/1.1 200 OK"
[2025-04-12 22:32:17,435] HTTP Request: POST https://api.telegram.org/bot7742876494:AAGtJfLZ4K_i-lVpZXwLcKjYr_l7W1ZJn4M/getUpdates "HTTP/1.1 200 OK"
[2025-04-12 22:32:27,507] HTTP Request: POST https://api.telegram.org/bot7742876494:AAGtJfLZ4K_i-lVpZXwLcKjYr_l7W1ZJn4M/getUpdates "HTTP/1.1 200 OK"
[2025-04-12 22:32:37,576] HTTP Request: POST https://api.telegram.org/bot7742876494:AAGtJfLZ4K_i-lVpZXwLcKjYr_l7W1ZJn4M/getUpdates "HTTP/1.1 200 OK"
[2025-04-12 22:32:43,514] HTTP Request: POST https://api.telegram.org/bot7742876494:AAGtJfLZ4K_i-lVpZXwLcKjYr_l7W1ZJn4M/getUpdates "HTTP/1.1 200 OK"
[2025-04-12 22:32:43,515] Application is stopping. This might take a moment.
[2025-04-12 22:32:43,515] Application.stop() complete
